Determining if the pthread_create exist failed with the following output:
Change Dir: /home/trim/CODE/ROBO/part_2/turtlebot_ws/build/CMakeFiles/CMakeTmp

Run Build Command:"/usr/bin/make" "cmTC_fdadc/fast"
/usr/bin/make -f CMakeFiles/cmTC_fdadc.dir/build.make CMakeFiles/cmTC_fdadc.dir/build
make[1]: Entering directory '/home/trim/CODE/ROBO/part_2/turtlebot_ws/build/CMakeFiles/CMakeTmp'
Building C object CMakeFiles/cmTC_fdadc.dir/CheckSymbolExists.c.o
/usr/bin/cc     -o CMakeFiles/cmTC_fdadc.dir/CheckSymbolExists.c.o   -c /home/trim/CODE/ROBO/part_2/turtlebot_ws/build/CMakeFiles/CMakeTmp/CheckSymbolExists.c
Linking C executable cmTC_fdadc
/usr/bin/cmake -E cmake_link_script CMakeFiles/cmTC_fdadc.dir/link.txt --verbose=1
/usr/bin/cc       CMakeFiles/cmTC_fdadc.dir/CheckSymbolExists.c.o  -o cmTC_fdadc -rdynamic 
CMakeFiles/cmTC_fdadc.dir/CheckSymbolExists.c.o: In function `main':
CheckSymbolExists.c:(.text+0x16): undefined reference to `pthread_create'
collect2: error: ld returned 1 exit status
CMakeFiles/cmTC_fdadc.dir/build.make:97: recipe for target 'cmTC_fdadc' failed
make[1]: *** [cmTC_fdadc] Error 1
make[1]: Leaving directory '/home/trim/CODE/ROBO/part_2/turtlebot_ws/build/CMakeFiles/CMakeTmp'
Makefile:126: recipe for target 'cmTC_fdadc/fast' failed
make: *** [cmTC_fdadc/fast] Error 2

File /home/trim/CODE/ROBO/part_2/turtlebot_ws/build/CMakeFiles/CMakeTmp/CheckSymbolExists.c:
/* */
#include <pthread.h>

int main(int argc, char** argv)
{
  (void)argv;
#ifndef pthread_create
  return ((int*)(&pthread_create))[argc];
#else
  (void)argc;
  return 0;
#endif
}

Determining if the function pthread_create exists in the pthreads failed with the following output:
Change Dir: /home/trim/CODE/ROBO/part_2/turtlebot_ws/build/CMakeFiles/CMakeTmp

Run Build Command:"/usr/bin/make" "cmTC_8574f/fast"
/usr/bin/make -f CMakeFiles/cmTC_8574f.dir/build.make CMakeFiles/cmTC_8574f.dir/build
make[1]: Entering directory '/home/trim/CODE/ROBO/part_2/turtlebot_ws/build/CMakeFiles/CMakeTmp'
Building C object CMakeFiles/cmTC_8574f.dir/CheckFunctionExists.c.o
/usr/bin/cc    -DCHECK_FUNCTION_EXISTS=pthread_create   -o CMakeFiles/cmTC_8574f.dir/CheckFunctionExists.c.o   -c /usr/share/cmake-3.5/Modules/CheckFunctionExists.c
Linking C executable cmTC_8574f
/usr/bin/cmake -E cmake_link_script CMakeFiles/cmTC_8574f.dir/link.txt --verbose=1
/usr/bin/cc   -DCHECK_FUNCTION_EXISTS=pthread_create    CMakeFiles/cmTC_8574f.dir/CheckFunctionExists.c.o  -o cmTC_8574f -rdynamic -lpthreads 
/usr/bin/ld: cannot find -lpthreads
collect2: error: ld returned 1 exit status
CMakeFiles/cmTC_8574f.dir/build.make:97: recipe for target 'cmTC_8574f' failed
make[1]: *** [cmTC_8574f] Error 1
make[1]: Leaving directory '/home/trim/CODE/ROBO/part_2/turtlebot_ws/build/CMakeFiles/CMakeTmp'
Makefile:126: recipe for target 'cmTC_8574f/fast' failed
make: *** [cmTC_8574f/fast] Error 2


